EDA Netlist Writer report for Multicycle-IITB-RISC
Mon Nov  5 16:43:07 2018
Quartus Prime Version 16.0.0 Build 211 04/27/2016 SJ Lite Edition


---------------------
; Table of Contents ;
---------------------
  1. Legal Notice
  2. EDA Netlist Writer Summary
  3. Simulation Settings
  4. Simulation Generated Files
  5. EDA Netlist Writer Messages



----------------
; Legal Notice ;
----------------
Copyright (C) 1991-2016 Altera Corporation. All rights reserved.
Your use of Altera Corporation's design tools, logic functions 
and other software and tools, and its AMPP partner logic 
functions, and any output files from any of the foregoing 
(including device programming or simulation files), and any 
associated documentation or information are expressly subject 
to the terms and conditions of the Altera Program License 
Subscription Agreement, the Altera Quartus Prime License Agreement,
the Altera MegaCore Function License Agreement, or other 
applicable license agreement, including, without limitation, 
that your use is for the sole purpose of programming logic 
devices manufactured by Altera and sold by Altera or its 
authorized distributors.  Please refer to the applicable 
agreement for further details.



+-------------------------------------------------------------------+
; EDA Netlist Writer Summary                                        ;
+---------------------------+---------------------------------------+
; EDA Netlist Writer Status ; Successful - Mon Nov  5 16:43:07 2018 ;
; Revision Name             ; Multicycle-IITB-RISC                  ;
; Top-level Entity Name     ; main                                  ;
; Family                    ; Cyclone IV E                          ;
; Simulation Files Creation ; Successful                            ;
+---------------------------+---------------------------------------+


+-------------------------------------------------------------------------------------------------------------------------------+
; Simulation Settings                                                                                                           ;
+---------------------------------------------------------------------------------------------------+---------------------------+
; Option                                                                                            ; Setting                   ;
+---------------------------------------------------------------------------------------------------+---------------------------+
; Tool Name                                                                                         ; ModelSim-Altera (Verilog) ;
; Generate functional simulation netlist                                                            ; Off                       ;
; Time scale                                                                                        ; 1 ps                      ;
; Truncate long hierarchy paths                                                                     ; Off                       ;
; Map illegal HDL characters                                                                        ; On                        ;
; Flatten buses into individual nodes                                                               ; Off                       ;
; Maintain hierarchy                                                                                ; Off                       ;
; Bring out device-wide set/reset signals as ports                                                  ; Off                       ;
; Enable glitch filtering                                                                           ; On                        ;
; Do not write top level VHDL entity                                                                ; Off                       ;
; Disable detection of setup and hold time violations in the input registers of bi-directional pins ; Off                       ;
; Architecture name in VHDL output netlist                                                          ; structure                 ;
; Generate third-party EDA tool command script for RTL functional simulation                        ; Off                       ;
; Generate third-party EDA tool command script for gate-level simulation                            ; Off                       ;
+---------------------------------------------------------------------------------------------------+---------------------------+


+-----------------------------------------------------------------------------------------------------------------+
; Simulation Generated Files                                                                                      ;
+-----------------------------------------------------------------------------------------------------------------+
; Generated Files                                                                                                 ;
+-----------------------------------------------------------------------------------------------------------------+
; /home/apoorv/Downloads/MICRO PROJECT/Project1/simulation/modelsim/Multicycle-IITB-RISC_6_1200mv_85c_slow.vo     ;
; /home/apoorv/Downloads/MICRO PROJECT/Project1/simulation/modelsim/Multicycle-IITB-RISC_min_1200mv_0c_fast.vo    ;
; /home/apoorv/Downloads/MICRO PROJECT/Project1/simulation/modelsim/Multicycle-IITB-RISC.vo                       ;
; /home/apoorv/Downloads/MICRO PROJECT/Project1/simulation/modelsim/Multicycle-IITB-RISC_6_1200mv_85c_v_slow.sdo  ;
; /home/apoorv/Downloads/MICRO PROJECT/Project1/simulation/modelsim/Multicycle-IITB-RISC_min_1200mv_0c_v_fast.sdo ;
; /home/apoorv/Downloads/MICRO PROJECT/Project1/simulation/modelsim/Multicycle-IITB-RISC_v.sdo                    ;
+-----------------------------------------------------------------------------------------------------------------+


+-----------------------------+
; EDA Netlist Writer Messages ;
+-----------------------------+
Info: *******************************************************************
Info: Running Quartus Prime EDA Netlist Writer
    Info: Version 16.0.0 Build 211 04/27/2016 SJ Lite Edition
    Info: Processing started: Mon Nov  5 16:42:57 2018
Info: Command: quartus_eda --read_settings_files=off --write_settings_files=off Multicycle-IITB-RISC -c Multicycle-IITB-RISC
Critical Warning (138067): Current license file does not support incremental compilation. The Quartus Prime software removes all the user-specified design partitions in the design automatically.
Warning (18236): Number of processors has not been specified which may cause overloading on shared machines.  Set the global assignment NUM_PARALLEL_PROCESSORS in your QSF to an appropriate value for best performance.
Info (204019): Generated file Multicycle-IITB-RISC_6_1200mv_85c_slow.vo in folder "/home/apoorv/Downloads/MICRO PROJECT/Project1/simulation/modelsim/" for EDA simulation tool
Info (204019): Generated file Multicycle-IITB-RISC_min_1200mv_0c_fast.vo in folder "/home/apoorv/Downloads/MICRO PROJECT/Project1/simulation/modelsim/" for EDA simulation tool
Info (204019): Generated file Multicycle-IITB-RISC.vo in folder "/home/apoorv/Downloads/MICRO PROJECT/Project1/simulation/modelsim/" for EDA simulation tool
Info (204019): Generated file Multicycle-IITB-RISC_6_1200mv_85c_v_slow.sdo in folder "/home/apoorv/Downloads/MICRO PROJECT/Project1/simulation/modelsim/" for EDA simulation tool
Info (204019): Generated file Multicycle-IITB-RISC_min_1200mv_0c_v_fast.sdo in folder "/home/apoorv/Downloads/MICRO PROJECT/Project1/simulation/modelsim/" for EDA simulation tool
Info (204019): Generated file Multicycle-IITB-RISC_v.sdo in folder "/home/apoorv/Downloads/MICRO PROJECT/Project1/simulation/modelsim/" for EDA simulation tool
Info: Quartus Prime EDA Netlist Writer was successful. 0 errors, 2 warnings
    Info: Peak virtual memory: 1397 megabytes
    Info: Processing ended: Mon Nov  5 16:43:07 2018
    Info: Elapsed time: 00:00:10
    Info: Total CPU time (on all processors): 00:00:10


