Flow report for Multicycle-IITB-RISC
Fri Oct 26 00:22:37 2018
Quartus Prime Version 16.1.0 Build 196 10/24/2016 SJ Lite Edition


---------------------
; Table of Contents ;
---------------------
  1. Legal Notice
  2. Flow Summary
  3. Flow Settings
  4. Flow Non-Default Global Settings
  5. Flow Elapsed Time
  6. Flow OS Summary
  7. Flow Log
  8. Flow Messages
  9. Flow Suppressed Messages



----------------
; Legal Notice ;
----------------
Copyright (C) 2016  Intel Corporation. All rights reserved.
Your use of Intel Corporation's design tools, logic functions 
and other software and tools, and its AMPP partner logic 
functions, and any output files from any of the foregoing 
(including device programming or simulation files), and any 
associated documentation or information are expressly subject 
to the terms and conditions of the Intel Program License 
Subscription Agreement, the Intel Quartus Prime License Agreement,
the Intel MegaCore Function License Agreement, or other 
applicable license agreement, including, without limitation, 
that your use is for the sole purpose of programming logic 
devices manufactured by Intel and sold by Intel or its 
authorized distributors.  Please refer to the applicable 
agreement for further details.



+---------------------------------------------------------------------+
; Flow Summary                                                        ;
+-----------------------+---------------------------------------------+
; Flow Status           ; Successful - Fri Oct 26 00:22:37 2018       ;
; Quartus Prime Version ; 16.1.0 Build 196 10/24/2016 SJ Lite Edition ;
; Revision Name         ; Multicycle-IITB-RISC                        ;
; Top-level Entity Name ; reg_file                                    ;
; Family                ; MAX V                                       ;
; Device                ; 5M1270ZT144C5                               ;
; Timing Models         ; Final                                       ;
; Total logic elements  ; 168 / 1,270 ( 13 % )                        ;
; Total pins            ; 75 / 114 ( 66 % )                           ;
; Total virtual pins    ; 0                                           ;
; UFM blocks            ; 0 / 1 ( 0 % )                               ;
+-----------------------+---------------------------------------------+


+------------------------------------------+
; Flow Settings                            ;
+-------------------+----------------------+
; Option            ; Setting              ;
+-------------------+----------------------+
; Start date & time ; 10/26/2018 00:22:17  ;
; Main task         ; Compilation          ;
; Revision Name     ; Multicycle-IITB-RISC ;
+-------------------+----------------------+


+----------------------------------------------------------------------------------------------------------------------+
; Flow Non-Default Global Settings                                                                                     ;
+-------------------------------+--------------------------------+----------------------+-------------+----------------+
; Assignment Name               ; Value                          ; Default Value        ; Entity Name ; Section Id     ;
+-------------------------------+--------------------------------+----------------------+-------------+----------------+
; COMPILER_SIGNATURE_ID         ; 66610803205901.154049353720774 ; --                   ; --          ; --             ;
; EDA_OUTPUT_DATA_FORMAT        ; Verilog Hdl                    ; --                   ; --          ; eda_simulation ;
; EDA_SIMULATION_TOOL           ; ModelSim-Altera (Verilog)      ; <None>               ; --          ; --             ;
; EDA_TIME_SCALE                ; 1 ps                           ; --                   ; --          ; eda_simulation ;
; MAX_CORE_JUNCTION_TEMP        ; 85                             ; --                   ; --          ; --             ;
; MIN_CORE_JUNCTION_TEMP        ; 0                              ; --                   ; --          ; --             ;
; POWER_PRESET_COOLING_SOLUTION ; No Heat Sink With Still Air    ; --                   ; --          ; --             ;
; PROJECT_OUTPUT_DIRECTORY      ; output_files                   ; --                   ; --          ; --             ;
; TOP_LEVEL_ENTITY              ; reg_file                       ; Multicycle-IITB-RISC ; --          ; --             ;
+-------------------------------+--------------------------------+----------------------+-------------+----------------+


+-------------------------------------------------------------------------------------------------------------------------------+
; Flow Elapsed Time                                                                                                             ;
+---------------------------+--------------+-------------------------+---------------------+------------------------------------+
; Module Name               ; Elapsed Time ; Average Processors Used ; Peak Virtual Memory ; Total CPU Time (on all processors) ;
+---------------------------+--------------+-------------------------+---------------------+------------------------------------+
; Analysis & Synthesis      ; 00:00:14     ; 1.0                     ; 934 MB              ; 00:00:32                           ;
; Fitter                    ; 00:00:02     ; 1.0                     ; 1038 MB             ; 00:00:02                           ;
; Assembler                 ; 00:00:00     ; 1.0                     ; 794 MB              ; 00:00:01                           ;
; TimeQuest Timing Analyzer ; 00:00:01     ; 1.0                     ; 727 MB              ; 00:00:01                           ;
; EDA Netlist Writer        ; 00:00:00     ; 1.0                     ; 1025 MB             ; 00:00:01                           ;
; Total                     ; 00:00:17     ; --                      ; --                  ; 00:00:37                           ;
+---------------------------+--------------+-------------------------+---------------------+------------------------------------+


+---------------------------------------------------------------------------------------------+
; Flow OS Summary                                                                             ;
+---------------------------+------------------+----------------+------------+----------------+
; Module Name               ; Machine Hostname ; OS Name        ; OS Version ; Processor type ;
+---------------------------+------------------+----------------+------------+----------------+
; Analysis & Synthesis      ; ThinkPad-E470    ; Ubuntu 16.04.5 ; 16         ; x86_64         ;
; Fitter                    ; ThinkPad-E470    ; Ubuntu 16.04.5 ; 16         ; x86_64         ;
; Assembler                 ; ThinkPad-E470    ; Ubuntu 16.04.5 ; 16         ; x86_64         ;
; TimeQuest Timing Analyzer ; ThinkPad-E470    ; Ubuntu 16.04.5 ; 16         ; x86_64         ;
; EDA Netlist Writer        ; ThinkPad-E470    ; Ubuntu 16.04.5 ; 16         ; x86_64         ;
+---------------------------+------------------+----------------+------------+----------------+


------------
; Flow Log ;
------------
quartus_map --read_settings_files=on --write_settings_files=off Multicycle-IITB-RISC -c Multicycle-IITB-RISC
quartus_fit --read_settings_files=off --write_settings_files=off Multicycle-IITB-RISC -c Multicycle-IITB-RISC
quartus_asm --read_settings_files=off --write_settings_files=off Multicycle-IITB-RISC -c Multicycle-IITB-RISC
quartus_sta Multicycle-IITB-RISC -c Multicycle-IITB-RISC
quartus_eda --read_settings_files=off --write_settings_files=off Multicycle-IITB-RISC -c Multicycle-IITB-RISC



