Database Export report for Multicycle-IITB-RISC
Mon Nov  5 16:44:15 2018
Quartus Prime Version 16.0.0 Build 211 04/27/2016 SJ Lite Edition


---------------------
; Table of Contents ;
---------------------
  1. Legal Notice
  2. Database Export Summary
  3. Database Export Messages



----------------
; Legal Notice ;
----------------
Copyright (C) 1991-2016 Altera Corporation. All rights reserved.
Your use of Altera Corporation's design tools, logic functions 
and other software and tools, and its AMPP partner logic 
functions, and any output files from any of the foregoing 
(including device programming or simulation files), and any 
associated documentation or information are expressly subject 
to the terms and conditions of the Altera Program License 
Subscription Agreement, the Altera Quartus Prime License Agreement,
the Altera MegaCore Function License Agreement, or other 
applicable license agreement, including, without limitation, 
that your use is for the sole purpose of programming logic 
devices manufactured by Altera and sold by Altera or its 
authorized distributors.  Please refer to the applicable 
agreement for further details.



+----------------------------------------------------------------+
; Database Export Summary                                        ;
+------------------------+---------------------------------------+
; Database Export Status ; Successful - Mon Nov  5 16:44:15 2018 ;
; Revision Name          ; Multicycle-IITB-RISC                  ;
; Top-level Entity Name  ; main                                  ;
; Family                 ; Cyclone IV E                          ;
; Device                 ; EP4CE22F17C6                          ;
+------------------------+---------------------------------------+


+--------------------------+
; Database Export Messages ;
+--------------------------+
Info: *******************************************************************
Info: Running Quartus Prime Database Export
    Info: Version 16.0.0 Build 211 04/27/2016 SJ Lite Edition
    Info: Processing started: Mon Nov  5 16:43:45 2018
Info: Command: quartus_cdb Multicycle-IITB-RISC -c Multicycle-IITB-RISC --export_database="/home/apoorv/Downloads/MICRO PROJECT/Project1/export_db"
Info (39038): Successfully exported the post-synthesis black-box database
Info (39038): Successfully exported the post-synthesis database
Critical Warning (138067): Current license file does not support incremental compilation. The Quartus Prime software removes all the user-specified design partitions in the design automatically.
Info (39038): Successfully exported the post-fitter database
Info: Quartus Prime Database Export was successful. 0 errors, 1 warning
    Info: Peak virtual memory: 1471 megabytes
    Info: Processing ended: Mon Nov  5 16:44:15 2018
    Info: Elapsed time: 00:00:30
    Info: Total CPU time (on all processors): 00:00:30


